# JRE version: OpenJDK Runtime Environment (8.0_242-b01) (build 1.8.0_242-release-1644-b01)
# Java VM: OpenJDK 64-Bit Server VM (25.242-b01 mixed mode windows-amd64 compressed oops)
Heap:
 PSYoungGen      total 604160K, used 345100K [0x00000000d5580000, 0x0000000100000000, 0x0000000100000000)
  eden space 509440K, 61% used [0x00000000d5580000,0x00000000e8623af8,0x00000000f4700000)
  from space 94720K, 34% used [0x00000000f4700000,0x00000000f675f548,0x00000000fa380000)
  to   space 88576K, 0% used [0x00000000fa980000,0x00000000fa980000,0x0000000100000000)
 ParOldGen       total 293376K, used 168518K [0x0000000080000000, 0x0000000091e80000, 0x00000000d5580000)
  object space 293376K, 57% used [0x0000000080000000,0x000000008a491a28,0x0000000091e80000)
 Metaspace       used 98172K, capacity 104334K, committed 104744K, reserved 1140736K
  class space    used 12895K, capacity 14016K, committed 14128K, reserved 1048576K
GC Heap History (10 events):
Event: 44.741 GC heap before
{Heap before GC invocations=20 (full 4):
 PSYoungGen      total 397824K, used 390982K [0x00000000d5580000, 0x00000000fc000000, 0x0000000100000000)
  eden space 369664K, 100% used [0x00000000d5580000,0x00000000ebe80000,0x00000000ebe80000)
  from space 28160K, 75% used [0x00000000ebe80000,0x00000000ed351bc0,0x00000000eda00000)
  to   space 56832K, 0% used [0x00000000f8880000,0x00000000f8880000,0x00000000fc000000)
 ParOldGen       total 224256K, used 123794K [0x0000000080000000, 0x000000008db00000, 0x00000000d5580000)
  object space 224256K, 55% used [0x0000000080000000,0x00000000878e49d8,0x000000008db00000)
 Metaspace       used 82414K, capacity 86734K, committed 87464K, reserved 1124352K
  class space    used 11176K, capacity 11997K, committed 12208K, reserved 1048576K
Event: 44.940 GC heap after
Heap after GC invocations=20 (full 4):
 PSYoungGen      total 526336K, used 38424K [0x00000000d5580000, 0x00000000fae80000, 0x0000000100000000)
  eden space 487424K, 0% used [0x00000000d5580000,0x00000000d5580000,0x00000000f3180000)
  from space 38912K, 98% used [0x00000000f8880000,0x00000000fae060a8,0x00000000fae80000)
  to   space 60416K, 0% used [0x00000000f3880000,0x00000000f3880000,0x00000000f7380000)
 ParOldGen       total 224256K, used 144817K [0x0000000080000000, 0x000000008db00000, 0x00000000d5580000)
  object space 224256K, 64% used [0x0000000080000000,0x0000000088d6c568,0x000000008db00000)
 Metaspace       used 82414K, capacity 86734K, committed 87464K, reserved 1124352K
  class space    used 11176K, capacity 11997K, committed 12208K, reserved 1048576K
}
Event: 130.138 GC heap before
{Heap before GC invocations=21 (full 4):
 PSYoungGen      total 526336K, used 525774K [0x00000000d5580000, 0x00000000fae80000, 0x0000000100000000)
  eden space 487424K, 99% used [0x00000000d5580000,0x00000000f316da88,0x00000000f3180000)
  from space 38912K, 98% used [0x00000000f8880000,0x00000000fae060a8,0x00000000fae80000)
  to   space 60416K, 0% used [0x00000000f3880000,0x00000000f3880000,0x00000000f7380000)
 ParOldGen       total 224256K, used 144817K [0x0000000080000000, 0x000000008db00000, 0x00000000d5580000)
  object space 224256K, 64% used [0x0000000080000000,0x0000000088d6c568,0x000000008db00000)
 Metaspace       used 87644K, capacity 92382K, committed 92712K, reserved 1130496K
  class space    used 11593K, capacity 12497K, committed 12592K, reserved 1048576K
Event: 131.174 GC heap after
Heap after GC invocations=21 (full 4):
 PSYoungGen      total 555008K, used 44366K [0x00000000d5580000, 0x0000000100000000, 0x0000000100000000)
  eden space 494592K, 0% used [0x00000000d5580000,0x00000000d5580000,0x00000000f3880000)
  from space 60416K, 73% used [0x00000000f3880000,0x00000000f63d3840,0x00000000f7380000)
  to   space 65024K, 0% used [0x00000000fc080000,0x00000000fc080000,0x0000000100000000)
 ParOldGen       total 224256K, used 151858K [0x0000000080000000, 0x000000008db00000, 0x00000000d5580000)
  object space 224256K, 67% used [0x0000000080000000,0x000000008944c930,0x000000008db00000)
 Metaspace       used 87644K, capacity 92382K, committed 92712K, reserved 1130496K
  class space    used 11593K, capacity 12497K, committed 12592K, reserved 1048576K
}
Event: 147.606 GC heap before
{Heap before GC invocations=22 (full 4):
 PSYoungGen      total 555008K, used 538958K [0x00000000d5580000, 0x0000000100000000, 0x0000000100000000)
  eden space 494592K, 100% used [0x00000000d5580000,0x00000000f3880000,0x00000000f3880000)
  from space 60416K, 73% used [0x00000000f3880000,0x00000000f63d3840,0x00000000f7380000)
  to   space 65024K, 0% used [0x00000000fc080000,0x00000000fc080000,0x0000000100000000)
 ParOldGen       total 224256K, used 151858K [0x0000000080000000, 0x000000008db00000, 0x00000000d5580000)
  object space 224256K, 67% used [0x0000000080000000,0x000000008944c930,0x000000008db00000)
 Metaspace       used 87794K, capacity 92564K, committed 92712K, reserved 1130496K
  class space    used 11610K, capacity 12526K, committed 12592K, reserved 1048576K
Event: 148.629 GC heap after
Heap after GC invocations=22 (full 4):
 PSYoungGen      total 574464K, used 65005K [0x00000000d5580000, 0x0000000100000000, 0x0000000100000000)
  eden space 509440K, 0% used [0x00000000d5580000,0x00000000d5580000,0x00000000f4700000)
  from space 65024K, 99% used [0x00000000fc080000,0x00000000ffffb770,0x0000000100000000)
  to   space 94720K, 0% used [0x00000000f4700000,0x00000000f4700000,0x00000000fa380000)
 ParOldGen       total 224256K, used 203006K [0x0000000080000000, 0x000000008db00000, 0x00000000d5580000)
  object space 224256K, 90% used [0x0000000080000000,0x000000008c63fb78,0x000000008db00000)
 Metaspace       used 87794K, capacity 92564K, committed 92712K, reserved 1130496K
  class space    used 11610K, capacity 12526K, committed 12592K, reserved 1048576K
}
Event: 148.630 GC heap before
{Heap before GC invocations=23 (full 5):
 PSYoungGen      total 574464K, used 65005K [0x00000000d5580000, 0x0000000100000000, 0x0000000100000000)
  eden space 509440K, 0% used [0x00000000d5580000,0x00000000d5580000,0x00000000f4700000)
  from space 65024K, 99% used [0x00000000fc080000,0x00000000ffffb770,0x0000000100000000)
  to   space 94720K, 0% used [0x00000000f4700000,0x00000000f4700000,0x00000000fa380000)
 ParOldGen       total 224256K, used 203006K [0x0000000080000000, 0x000000008db00000, 0x00000000d5580000)
  object space 224256K, 90% used [0x0000000080000000,0x000000008c63fb78,0x000000008db00000)
 Metaspace       used 87794K, capacity 92564K, committed 92712K, reserved 1130496K
  class space    used 11610K, capacity 12526K, committed 12592K, reserved 1048576K
Event: 153.067 GC heap after
Heap after GC invocations=23 (full 5):
 PSYoungGen      total 574464K, used 0K [0x00000000d5580000, 0x0000000100000000, 0x0000000100000000)
  eden space 509440K, 0% used [0x00000000d5580000,0x00000000d5580000,0x00000000f4700000)
  from space 65024K, 0% used [0x00000000fc080000,0x00000000fc080000,0x0000000100000000)
  to   space 94720K, 0% used [0x00000000f4700000,0x00000000f4700000,0x00000000fa380000)
 ParOldGen       total 293376K, used 168510K [0x0000000080000000, 0x0000000091e80000, 0x00000000d5580000)
  object space 293376K, 57% used [0x0000000080000000,0x000000008a48fa28,0x0000000091e80000)
 Metaspace       used 87794K, capacity 92564K, committed 92712K, reserved 1130496K
  class space    used 11610K, capacity 12526K, committed 12592K, reserved 1048576K
}
Event: 280.043 GC heap before
{Heap before GC invocations=24 (full 5):
 PSYoungGen      total 574464K, used 509440K [0x00000000d5580000, 0x0000000100000000, 0x0000000100000000)
  eden space 509440K, 100% used [0x00000000d5580000,0x00000000f4700000,0x00000000f4700000)
  from space 65024K, 0% used [0x00000000fc080000,0x00000000fc080000,0x0000000100000000)
  to   space 94720K, 0% used [0x00000000f4700000,0x00000000f4700000,0x00000000fa380000)
 ParOldGen       total 293376K, used 168510K [0x0000000080000000, 0x0000000091e80000, 0x00000000d5580000)
  object space 293376K, 57% used [0x0000000080000000,0x000000008a48fa28,0x0000000091e80000)
 Metaspace       used 88791K, capacity 94086K, committed 94376K, reserved 1130496K
  class space    used 11691K, capacity 12671K, committed 12720K, reserved 1048576K
Event: 280.307 GC heap after
Heap after GC invocations=24 (full 5):
 PSYoungGen      total 604160K, used 33149K [0x00000000d5580000, 0x0000000100000000, 0x0000000100000000)
  eden space 509440K, 0% used [0x00000000d5580000,0x00000000d5580000,0x00000000f4700000)
  from space 94720K, 34% used [0x00000000f4700000,0x00000000f675f548,0x00000000fa380000)
  to   space 88576K, 0% used [0x00000000fa980000,0x00000000fa980000,0x0000000100000000)
 ParOldGen       total 293376K, used 168518K [0x0000000080000000, 0x0000000091e80000, 0x00000000d5580000)
  object space 293376K, 57% used [0x0000000080000000,0x000000008a491a28,0x0000000091e80000)
 Metaspace       used 88791K, capacity 94086K, committed 94376K, reserved 1130496K
  class space    used 11691K, capacity 12671K, committed 12720K, reserved 1048576K
}

